2025/08/27 09:51:06 DEBUG_MODE: true
2025/08/27 09:51:06 listen tcp :8080: bind: Only one usage of each socket address (protocol/network address/port) is normally permitted.
2025/08/27 09:51:26 DEBUG_MODE: true
2025/08/27 09:51:31 ENGINE_DEBUG: Evaluating text for file test_document.txt
2025/08/27 09:51:31 ENGINE_DEBUG: Text: This is a test document with some sample content. It should be processed.
2025/08/27 09:51:31 ENGINE_DEBUG: Number of rules: 2
2025/08/27 09:51:31 ENGINE_DEBUG: Processing line 1: This is a test document with some sample content. It should be processed.
2025/08/27 09:51:31 ENGINE_DEBUG:   Checking rule ID: profanity-1, Pattern: badword
2025/08/27 09:51:31 ENGINE_DEBUG:   Compiled Pattern: .*badword.*
2025/08/27 09:51:31 ENGINE_DEBUG:   Checking rule ID: sensitive-phrase-1, Pattern: confidential information
2025/08/27 09:51:31 ENGINE_DEBUG:   Compiled Pattern: .*confidential information.*
2025/08/27 09:52:13 DEBUG_MODE: true
2025/08/27 09:52:13 listen tcp :8080: bind: Only one usage of each socket address (protocol/network address/port) is normally permitted.
2025/08/27 09:52:19 ENGINE_DEBUG: Evaluating text for file test_document.txt
2025/08/27 09:52:19 ENGINE_DEBUG: Text: This is a test document with some sample content. It should be processed.
2025/08/27 09:52:19 ENGINE_DEBUG: Number of rules: 1
2025/08/27 09:52:19 ENGINE_DEBUG: Processing line 1: This is a test document with some sample content. It should be processed.
2025/08/27 09:52:19 ENGINE_DEBUG:   Checking rule ID: test-rule-1, Pattern: test content
2025/08/27 09:52:19 http: panic serving [::1]:49254: runtime error: invalid memory address or nil pointer dereference
goroutine 19 [running]:
net/http.(*conn).serve.func1()
	C:/Program Files/Go/src/net/http/server.go:1947 +0xbe
panic({0x5c5940?, 0x8b7c40?})
	C:/Program Files/Go/src/runtime/panic.go:792 +0x132
regexp.(*Regexp).String(...)
	C:/Program Files/Go/src/regexp/regexp.go:104
dws/engine.Evaluate({0xc000012410?, 0x49?}, {0xc00000eac0, 0x11}, {0xc000132550, 0x1, 0xc00000af30?})
	C:/Users/jesse/dws/engine/engine.go:91 +0x606
dws/api.ProcessDocumentHandler({0x69b620, 0xc0000002a0}, 0xc000134dc0)
	C:/Users/jesse/dws/api/handlers.go:65 +0x17c
net/http.HandlerFunc.ServeHTTP(0xc00012a140?, {0x69b620?, 0xc0000002a0?}, 0xc00009db60?)
	C:/Program Files/Go/src/net/http/server.go:2294 +0x29
net/http.(*ServeMux).ServeHTTP(0x2c5ae5?, {0x69b620, 0xc0000002a0}, 0xc000134dc0)
	C:/Program Files/Go/src/net/http/server.go:2822 +0x1c4
net/http.serverHandler.ServeHTTP({0x69a290?}, {0x69b620?, 0xc0000002a0?}, 0x1?)
	C:/Program Files/Go/src/net/http/server.go:3301 +0x8e
net/http.(*conn).serve(0xc000092090, {0x69b990, 0xc000027ec0})
	C:/Program Files/Go/src/net/http/server.go:2102 +0x625
created by net/http.(*Server).Serve in goroutine 1
	C:/Program Files/Go/src/net/http/server.go:3454 +0x485
2025/08/27 09:53:10 DEBUG_MODE: true
2025/08/27 09:53:10 listen tcp :8080: bind: Only one usage of each socket address (protocol/network address/port) is normally permitted.
2025/08/27 09:53:16 ENGINE_DEBUG: Evaluating text for file test_document.txt
2025/08/27 09:53:16 ENGINE_DEBUG: Text: This is a test document with some sample content. It should be processed.
2025/08/27 09:53:16 ENGINE_DEBUG: Number of rules: 1
2025/08/27 09:53:16 ENGINE_DEBUG: Processing line 1: This is a test document with some sample content. It should be processed.
2025/08/27 09:53:16 ENGINE_DEBUG:   Checking rule ID: test-rule-1, Pattern: test content
2025/08/27 09:53:16 http: panic serving [::1]:54856: runtime error: invalid memory address or nil pointer dereference
goroutine 21 [running]:
net/http.(*conn).serve.func1()
	C:/Program Files/Go/src/net/http/server.go:1947 +0xbe
panic({0x5c5940?, 0x8b7c40?})
	C:/Program Files/Go/src/runtime/panic.go:792 +0x132
regexp.(*Regexp).String(...)
	C:/Program Files/Go/src/regexp/regexp.go:104
dws/engine.Evaluate({0xc000216050?, 0x49?}, {0xc000210020, 0x11}, {0xc0000a2140, 0x1, 0xc000200020?})
	C:/Users/jesse/dws/engine/engine.go:91 +0x606
dws/api.ProcessDocumentHandler({0x69b620, 0xc00021e000}, 0xc00020e000)
	C:/Users/jesse/dws/api/handlers.go:65 +0x17c
net/http.HandlerFunc.ServeHTTP(0xc00012a140?, {0x69b620?, 0xc00021e000?}, 0xc00009bb60?)
	C:/Program Files/Go/src/net/http/server.go:2294 +0x29
net/http.(*ServeMux).ServeHTTP(0x2c5ae5?, {0x69b620, 0xc00021e000}, 0xc00020e000)
	C:/Program Files/Go/src/net/http/server.go:2822 +0x1c4
net/http.serverHandler.ServeHTTP({0x69a290?}, {0x69b620?, 0xc00021e000?}, 0x1?)
	C:/Program Files/Go/src/net/http/server.go:3301 +0x8e
net/http.(*conn).serve(0xc0000921b0, {0x69b990, 0xc000027ec0})
	C:/Program Files/Go/src/net/http/server.go:2102 +0x625
created by net/http.(*Server).Serve in goroutine 1
	C:/Program Files/Go/src/net/http/server.go:3454 +0x485
2025/08/27 09:53:48 DEBUG_MODE: true
2025/08/27 09:53:48 listen tcp :8080: bind: Only one usage of each socket address (protocol/network address/port) is normally permitted.
2025/08/27 09:53:54 ENGINE_DEBUG: Evaluating text for file test_document.txt
2025/08/27 09:53:54 ENGINE_DEBUG: Text: This is a test document with some sample content. It should be processed.
2025/08/27 09:53:54 ENGINE_DEBUG: Number of rules: 1
2025/08/27 09:53:54 ENGINE_DEBUG: Processing line 1: This is a test document with some sample content. It should be processed.
2025/08/27 09:53:54 ENGINE_DEBUG:   Checking rule ID: test-rule-1, Pattern: test content
2025/08/27 09:53:54 http: panic serving [::1]:55991: runtime error: invalid memory address or nil pointer dereference
goroutine 13 [running]:
net/http.(*conn).serve.func1()
	C:/Program Files/Go/src/net/http/server.go:1947 +0xbe
panic({0x5c5940?, 0x8b7c40?})
	C:/Program Files/Go/src/runtime/panic.go:792 +0x132
regexp.(*Regexp).String(...)
	C:/Program Files/Go/src/regexp/regexp.go:104
dws/engine.Evaluate({0xc0000124b0?, 0x49?}, {0xc00000eb60, 0x11}, {0xc0001327d0, 0x1, 0xc00000b060?})
	C:/Users/jesse/dws/engine/engine.go:91 +0x606
dws/api.ProcessDocumentHandler({0x69b620, 0xc000000460}, 0xc000135180)
	C:/Users/jesse/dws/api/handlers.go:65 +0x17c
net/http.HandlerFunc.ServeHTTP(0xc00012a140?, {0x69b620?, 0xc000000460?}, 0xc000097b60?)
	C:/Program Files/Go/src/net/http/server.go:2294 +0x29
net/http.(*ServeMux).ServeHTTP(0x2c5ae5?, {0x69b620, 0xc000000460}, 0xc000135180)
	C:/Program Files/Go/src/net/http/server.go:2822 +0x1c4
net/http.serverHandler.ServeHTTP({0x69a290?}, {0x69b620?, 0xc000000460?}, 0x1?)
	C:/Program Files/Go/src/net/http/server.go:3301 +0x8e
net/http.(*conn).serve(0xc00014a990, {0x69b990, 0xc000027ec0})
	C:/Program Files/Go/src/net/http/server.go:2102 +0x625
created by net/http.(*Server).Serve in goroutine 1
	C:/Program Files/Go/src/net/http/server.go:3454 +0x485
2025/08/27 09:54:40 DEBUG_MODE: true
2025/08/27 09:54:44 API_DEBUG: Calling engine.SetRules with 1 rules. First rule CompiledPattern is nil: false
2025/08/27 09:54:44 ENGINE_DEBUG: SetRules called with 1 rules.
2025/08/27 09:54:44 ENGINE_DEBUG:   Rule ID: test-rule-1, Pattern: test content, CompiledPattern is nil: false
2025/08/27 09:54:47 ENGINE_DEBUG: Evaluating text for file test_document.txt
2025/08/27 09:54:47 ENGINE_DEBUG: Text: This is a test document with some sample content. It should be processed.
2025/08/27 09:54:47 ENGINE_DEBUG: Number of rules: 1
2025/08/27 09:54:47 ENGINE_DEBUG: Processing line 1: This is a test document with some sample content. It should be processed.
2025/08/27 09:54:47 ENGINE_DEBUG:   Checking rule ID: test-rule-1, Pattern: test content
2025/08/27 09:54:47 ENGINE_DEBUG:   Compiled Pattern: .*test content.*
2025/08/27 09:55:48 DEBUG_MODE: true
2025/08/27 09:55:53 API_DEBUG: Calling engine.SetRules with 1 rules. First rule CompiledPattern is nil: false
2025/08/27 09:55:53 ENGINE_DEBUG: SetRules called with 1 rules.
2025/08/27 09:55:53 ENGINE_DEBUG:   Rule ID: test-rule-1, Pattern: test content, CompiledPattern is nil: false
2025/08/27 09:55:58 ENGINE_DEBUG: Evaluating text for file test_document.txt
2025/08/27 09:55:58 ENGINE_DEBUG: Text: This is a test document with some sample content. It should be processed.
2025/08/27 09:55:58 ENGINE_DEBUG: Number of rules: 1
2025/08/27 09:55:58 ENGINE_DEBUG: Processing line 1: This is a test document with some sample content. It should be processed.
2025/08/27 09:55:58 ENGINE_DEBUG:   Checking rule ID: test-rule-1, Pattern: test content
2025/08/27 09:55:58 ENGINE_DEBUG:   Compiled Pattern: .*test content.*
2025/08/27 09:57:07 DEBUG_MODE: true
2025/08/27 09:57:11 API_DEBUG: Calling engine.SetRules with 1 rules. First rule CompiledPattern is nil: false
2025/08/27 09:57:11 ENGINE_DEBUG: SetRules called with 1 rules.
2025/08/27 09:57:11 ENGINE_DEBUG:   Rule ID: test-rule-1, Pattern: test content, CompiledPattern is nil: false
2025/08/27 09:57:14 ENGINE_DEBUG: Evaluating text for file test_document.txt
2025/08/27 09:57:14 ENGINE_DEBUG: Text: This is a test document with some sample content. It should be processed.
2025/08/27 09:57:14 ENGINE_DEBUG: Number of rules: 1
2025/08/27 09:57:14 ENGINE_DEBUG: Processing line 1: This is a test document with some sample content. It should be processed.
2025/08/27 09:57:14 ENGINE_DEBUG:   Checking rule ID: test-rule-1, Pattern: test content
2025/08/27 09:57:14 ENGINE_DEBUG:   Compiled Pattern: .*test content.*
2025/08/27 09:57:14 ENGINE_DEBUG:   Attempting MatchString for rule test-rule-1 on line: This is a test document with some sample content. It should be processed.
2025/08/27 09:58:00 DEBUG_MODE: true
2025/08/27 09:58:04 API_DEBUG: Calling engine.SetRules with 1 rules. First rule CompiledPattern is nil: false
2025/08/27 09:58:04 ENGINE_DEBUG: SetRules called with 1 rules.
2025/08/27 09:58:04 ENGINE_DEBUG:   Rule ID: test-rule-1, Pattern: test content, CompiledPattern is nil: false
2025/08/27 09:58:15 ENGINE_DEBUG: Evaluating text for file test_document.txt
2025/08/27 09:58:15 ENGINE_DEBUG: Text: This is a test document with some sample content. It should be processed.
2025/08/27 09:58:15 ENGINE_DEBUG: Number of rules: 1
2025/08/27 09:58:15 ENGINE_DEBUG: Processing line 1: This is a test document with some sample content. It should be processed.
2025/08/27 09:58:15 ENGINE_DEBUG:   Checking rule ID: test-rule-1, Pattern: test content
2025/08/27 09:58:15 ENGINE_DEBUG:   Compiled Pattern: .*test content.*
2025/08/27 09:58:15 ENGINE_DEBUG:   Attempting MatchString for rule test-rule-1 on line: This is a test document with some sample content. It should be processed. (using recompiled pattern)
2025/08/27 09:59:57 DEBUG_MODE: true
2025/08/27 09:59:57 listen tcp :8080: bind: Only one usage of each socket address (protocol/network address/port) is normally permitted.
2025/08/27 10:00:01 API_DEBUG: Calling engine.SetRules with 1 rules. First rule CompiledPattern is nil: false
2025/08/27 10:00:01 ENGINE_DEBUG: SetRules called with 1 rules.
2025/08/27 10:00:01 ENGINE_DEBUG:   Rule ID: test-rule-1, Pattern: test content, CompiledPattern is nil: false
2025/08/27 10:00:05 ENGINE_DEBUG: Evaluating text for file test_document.txt
2025/08/27 10:00:05 ENGINE_DEBUG: Text: This is a test document with some sample content. It should be processed.
2025/08/27 10:00:05 ENGINE_DEBUG: Number of rules: 1
2025/08/27 10:00:05 ENGINE_DEBUG: Processing line 1: This is a test document with some sample content. It should be processed.
2025/08/27 10:00:05 ENGINE_DEBUG:   Checking rule ID: test-rule-1, Pattern: test content
2025/08/27 10:00:05 ENGINE_DEBUG:   Compiled Pattern: .*test content.*
2025/08/27 10:00:05 ENGINE_DEBUG:   Attempting MatchString for rule test-rule-1 on line: This is a test document with some sample content. It should be processed. (using recompiled pattern)
2025/08/27 10:00:05 ENGINE_DEBUG: Processing line 2: 
2025/08/27 10:00:05 ENGINE_DEBUG:   Checking rule ID: test-rule-1, Pattern: test content
2025/08/27 10:00:05 ENGINE_DEBUG:   Compiled Pattern: .*test content.*
2025/08/27 10:00:05 ENGINE_DEBUG:   Attempting MatchString for rule test-rule-1 on line:  (using recompiled pattern)
2025/08/27 10:01:31 DEBUG_MODE: true
2025/08/27 10:01:38 API_DEBUG: Calling engine.SetRules with 1 rules. First rule CompiledPattern is nil: false
2025/08/27 10:01:38 ENGINE_DEBUG: SetRules called with 1 rules.
2025/08/27 10:01:38 ENGINE_DEBUG:   Rule ID: test-rule-1, Pattern: test content, CompiledPattern is nil: false
2025/08/27 10:01:42 SCANNER_DEBUG: Extracted text for test_document.txt (len 12): "test content"
2025/08/27 10:01:42 ENGINE_DEBUG: Evaluating text for file test_document.txt
2025/08/27 10:01:42 ENGINE_DEBUG: Text: test content
2025/08/27 10:01:42 ENGINE_DEBUG: Number of rules: 1
2025/08/27 10:01:42 ENGINE_DEBUG: Processing line 1: test content
2025/08/27 10:01:42 ENGINE_DEBUG:   Checking rule ID: test-rule-1, Pattern: test content
2025/08/27 10:01:42 ENGINE_DEBUG:   Compiled Pattern: .*test content.*
2025/08/27 10:01:42 ENGINE_DEBUG:   Attempting MatchString for rule test-rule-1 on line: test content (using recompiled pattern)
2025/08/27 10:01:42 ENGINE_DEBUG:     MATCH FOUND for rule test-rule-1 on line 1
